<component name="ProjectRunConfigurationManager">
  <configuration default="false" name="Junit5ApplicationTests(without java sys prop)" type="JUnit" factoryName="JUnit">
    <module name="junit5" />
    <useClassPathOnly />
    <extension name="coverage">
      <pattern>
        <option name="PATTERN" value="ro.jtonic.testing.junit5.*" />
        <option name="ENABLED" value="true" />
      </pattern>
    </extension>
    <option name="PACKAGE_NAME" value="ro.jtonic.testing.junit5" />
    <option name="MAIN_CLASS_NAME" value="ro.jtonic.testing.junit5.Junit5ApplicationTests" />
    <option name="METHOD_NAME" value="" />
    <option name="TEST_OBJECT" value="class" />
    <option name="PARAMETERS" value="" />
    <method v="2">
      <option name="Make" enabled="true" />
      <option name="BSP.BeforeRunTask" enabled="true" />
    </method>
  </configuration>
</component>